Vivado Simulator 2020.2
Time resolution is 1 ps
Round           0
X0: 00400c0000000100
X1: 0000000000000000
X2: 0000000000000000
X3: 0000000000000000
X4: 0000000000000000
En: 0
Round           1
X0: 007e13080580c1f0
X1: 02406c03e0008e68
X2: 3fffffffffffff74
X3: 7cb81c23060001f0
X4: 0000000000000000
En: 0
Round           2
X0: 7373807ff5fa2d4c
X1: 6a7a192f3179cdae
X2: 6c695bb21f80cb22
X3: 9e5ffc14ebd223cf
X4: 9e3600c75bf353df
En: 0
Round           3
X0: e722247054557215
X1: ce40ba1c2b50f3c0
X2: 8ecdd187a6b0e3e5
X3: 84ad5ef91c85d62e
X4: 9007eae796127b2c
En: 0
Round           4
X0: b79efaa41020ba4e
X1: 03724e521c584ab5
X2: da75ee8203cb1214
X3: b8fa4d8145918b80
X4: 128292b16f8e243f
En: 0
Round           5
X0: ff041bca646f95b1
X1: 264d7f792f6258a3
X2: be1748a4507a487d
X3: f26e524f53179e72
X4: 665fcb3753cf7d89
En: 0
Round           6
X0: 023cc0e5d42456fa
X1: 68b62d6d88be8907
X2: 23e0b09f8a38f72a
X3: 70fec47bc432939b
X4: 7f55906d44d2dc45
En: 0
Round           7
X0: 06a2b9dc9c78073b
X1: ea3637606bf33a60
X2: a892eac52493cc9e
X3: 09c35123339552cf
X4: 0ae777a600fe00ff
En: 0
Round           8
X0: f122110e7782e763
X1: a9b67c818b385017
X2: fe3d7aa2924c5952
X3: c17a80615f1bdfb6
X4: 027c369f52cad5cf
En: 0
Round           9
X0: ee0616f564987380
X1: 0def6d9fa6db7481
X2: 2de16bde9ef72297
X3: f99848e7c910fc13
X4: 617253864f8b5b89
En: 0
Round          10
X0: ba7745efeea852b2
X1: b7f98bb51ded5788
X2: 5724504b5af19dbd
X3: 732dcec2bf5a6347
X4: 5bd0d873551b6465
En: 0
Round          11
X0: 3afc603f3cebae3d
X1: e81048e9ac607ccc
X2: 9054e6f84770a184
X3: ef4329b3ef9f3473
X4: 22af581adace0e2c
En: 0
Round          12
X0: 2f4dd2e9b27421dd
X1: a339d8753fc79973
X2: c280dd129eea0032
X3: ed6ff2455289b2c0
X4: bb2961b0b6fdb246
En: 0
$finish called at time : 550 ns : File "D:/Vivado/NCKH/asc/asc.srcs/sim_1/new/permutation_loop_tb.sv" Line 64
