#-----------------------------------------------------------
# Vivado v2020.2 (64-bit)
# SW Build 3064766 on Wed Nov 18 09:12:45 MST 2020
# IP Build 3064653 on Wed Nov 18 14:17:31 MST 2020
# Start of session at: Tue Jun  4 21:02:19 2024
# Process ID: 13628
# Current directory: D:/Vivado/NCKH/asc
# Command line: vivado.exe -gui_launcher_event rodinguilauncherevent16800 D:\Vivado\NCKH\asc\asc.xpr
# Log file: D:/Vivado/NCKH/asc/vivado.log
# Journal file: D:/Vivado/NCKH/asc\vivado.jou
#-----------------------------------------------------------
start_gui
open_project D:/Vivado/NCKH/asc/asc.xpr
WARNING: [filemgmt 56-3] Default IP Output Path : Could not find the directory 'D:/Vivado/NCKH/asc/asc.gen/sources_1'.
Scanning sources...
Finished scanning sources
INFO: [IP_Flow 19-234] Refreshing IP repositories
INFO: [IP_Flow 19-1704] No user IP repositories specified
INFO: [IP_Flow 19-2313] Loaded Vivado IP repository 'C:/Xilinx/Vivado/2020.2/data/ip'.
open_project: Time (s): cpu = 00:00:12 ; elapsed = 00:00:12 . Memory (MB): peak = 1162.543 ; gain = 0.000
update_compile_order -fileset sources_1
launch_simulation
Command: launch_simulation 
boost::filesystem::remove: The process cannot access the file because it is being used by another process: "D:/Vivado/NCKH/asc/asc.sim/sim_1/behav/xsim/simulate.log"
launch_simulation
Command: launch_simulation 
boost::filesystem::remove: The process cannot access the file because it is being used by another process: "D:/Vivado/NCKH/asc/asc.sim/sim_1/behav/xsim/simulate.log"
exit
INFO: [Common 17-206] Exiting Vivado at Tue Jun  4 21:04:17 2024...
